<?xml version="1.0" encoding="UTF-8"?><testsuite failures="0" name="cucumber.runtime.formatter.JUnitFormatter" skipped="1" tests="3" time="42.977895">
<testcase classname="Login" name="Login with invalid credentials" time="6.194701">
<skipped><![CDATA[Given User is in login page.................................................passed
When Enter invalid  email and password......................................undefined
Then Error message appear...................................................skipped
]]></skipped>
</testcase>
<testcase classname="Search Feature" name="Search Laptop" time="17.77656">
<system-out><![CDATA[Given I am in Home Page.....................................................passed
When Enter product name "Dell" in search box................................passed
And Click Search Button.....................................................passed
Then Laptop items appear....................................................passed
]]></system-out>
</testcase>
<testcase classname="Search Feature" name="Search Laptop 2" time="19.006634">
<system-out><![CDATA[Given I am in Home Page.....................................................passed
When Enter product name "Asus" in search box................................passed
And Click Search Button.....................................................passed
Then Laptop items appear....................................................passed
]]></system-out>
</testcase>
</testsuite>
