<?xml version="1.0" encoding="UTF-8"?><testsuite failures="0" name="cucumber.runtime.formatter.JUnitFormatter" skipped="0" tests="3" time="235.944465">
<testcase classname="Login" name="Login with invalid credentials" time="112.152026">
<system-out><![CDATA[Given User is in login page.................................................passed
When Enter invalid email and password.......................................passed
Then Error message appear...................................................passed
]]></system-out>
</testcase>
<testcase classname="Search Feature" name="Search Laptop" time="57.348553">
<system-out><![CDATA[Given I am in Home Page.....................................................passed
When Enter product name "Dell" in search box................................passed
And Click Search Button.....................................................passed
Then Laptop items appear....................................................passed
]]></system-out>
</testcase>
<testcase classname="Search Feature" name="Search Laptop 2" time="66.443886">
<system-out><![CDATA[Given I am in Home Page.....................................................passed
When Enter product name "Asus" in search box................................passed
And Click Search Button.....................................................passed
Then Laptop items appear....................................................passed
]]></system-out>
</testcase>
</testsuite>
